




******************************* 6s version 4.1 ****************************** *
*                                                                             *
*                       geometrical conditions identity                       *
*                       -------------------------------                       *
*                       user defined conditions                               *
*                                                                             *
*   month: 12 day :  11                                                       *
*   solar zenith angle:   44.27 deg  solar azimuthal angle:      162.02 deg   *
*   view zenith angle:     0.83 deg  view azimuthal angle:        14.58 deg   *
*   scattering angle:    135.03 deg  azimuthal angle difference: 147.44 deg   *
*                                                                             *
*                       atmospheric model description                         *
*                       -----------------------------                         *
*           atmospheric model identity :                                      *
*               midlatitude winter  (uh2o=.853g/cm2,uo3=.395cm-atm)           *
*           aerosols type identity :                                          *
*                         Urban aerosols model                                *
*           optical condition identity :                                      *
*                visibility : 40.00 km  opt. thick. 550nm : 0.1696            *
*                                                                             *
*                       spectral condition                                    *
*                       ------------------                                    *
*           constant                                                          *
*               value of filter function :                                    *
*                wl inf= 0.770 mic   wl sup= 0.890 mic                        *
*                                                                             *
*                       target type                                           *
*                       -----------                                           *
*           homogeneous ground                                                *
*             spectral vegetation ground reflectance 0.527                    *
*                                                                             *
*                       target elevation description                          *
*                       ----------------------------                          *
*           ground pressure  [mb] 1018.00                                     *
*           ground altitude  [km] 0.000                                       *
*                                                                             *
*                        atmospheric correction activated                     *
*                        --------------------------------                     *
*           input measured radiance [w/m2/sr/mic]   0.000                     *
*                                                                             *
*******************************************************************************



* wave   total  total  total  total  atm.   swl    step   sbor   dsol   toar  *
*        gas    scat   scat   spheri intr                                     *
*        trans  down   up     albedo refl                                     *
*0.7700 0.9883 0.9070 0.9355 0.0428 0.0154 1241.8 0.0025 0.5000 1.0313 0.4632 *
*0.7725 0.9969 0.9075 0.9358 0.0425 0.0154 1239.3 0.0025 1.0000 1.0313 0.4674 *
*0.7750 0.9993 0.9079 0.9361 0.0421 0.0153 1236.8 0.0025 1.0000 1.0313 0.4686 *
*0.7775 0.9999 0.9084 0.9365 0.0418 0.0151 1232.2 0.0025 1.0000 1.0313 0.4695 *
*0.7800 0.9999 0.9089 0.9368 0.0415 0.0150 1227.5 0.0025 1.0000 1.0313 0.4701 *
*0.7825 1.0000 0.9093 0.9371 0.0412 0.0148 1222.6 0.0025 1.0000 1.0313 0.4708 *
*0.7850 0.9990 0.9098 0.9375 0.0409 0.0147 1217.6 0.0025 1.0000 1.0313 0.4709 *
*0.7875 0.9851 0.9103 0.9378 0.0406 0.0144 1211.1 0.0025 1.0000 1.0313 0.4646 *
*0.7900 0.9701 0.9107 0.9381 0.0403 0.0142 1204.7 0.0025 1.0000 1.0313 0.4579 *
*0.7925 0.9866 0.9112 0.9384 0.0400 0.0142 1192.4 0.0025 1.0000 1.0313 0.4657 *
*0.7950 0.9868 0.9116 0.9388 0.0397 0.0140 1180.1 0.0025 1.0000 1.0313 0.4660 *
*0.7975 0.9915 0.9121 0.9391 0.0394 0.0139 1179.3 0.0025 1.0000 1.0313 0.4683 *
*0.8000 0.9934 0.9126 0.9394 0.0391 0.0138 1178.4 0.0025 1.0000 1.0313 0.4694 *
*0.8025 0.9889 0.9130 0.9397 0.0388 0.0136 1168.4 0.0025 1.0000 1.0313 0.4683 *
*0.8050 0.9790 0.9135 0.9401 0.0386 0.0134 1158.4 0.0025 1.0000 1.0313 0.4648 *
*0.8075 0.9945 0.9139 0.9404 0.0383 0.0134 1151.7 0.0025 1.0000 1.0313 0.4722 *
*0.8100 0.9895 0.9144 0.9407 0.0380 0.0132 1144.9 0.0025 1.0000 1.0313 0.4701 *
*0.8125 0.9442 0.9148 0.9410 0.0377 0.0129 1145.7 0.0025 1.0000 1.0313 0.4491 *
*0.8150 0.8285 0.9153 0.9413 0.0375 0.0121 1146.4 0.0025 1.0000 1.0313 0.3951 *
*0.8175 0.8310 0.9157 0.9417 0.0372 0.0120 1129.1 0.0025 1.0000 1.0313 0.3968 *
*0.8200 0.8364 0.9162 0.9420 0.0369 0.0119 1111.8 0.0025 1.0000 1.0313 0.3999 *
*0.8225 0.7459 0.9166 0.9423 0.0367 0.0114 1111.5 0.0025 1.0000 1.0313 0.3576 *
*0.8250 0.9002 0.9171 0.9426 0.0364 0.0120 1111.2 0.0025 1.0000 1.0313 0.4301 *
*0.8275 0.8530 0.9175 0.9429 0.0361 0.0117 1107.5 0.0025 1.0000 1.0313 0.4081 *
*0.8300 0.9353 0.9180 0.9432 0.0359 0.0119 1103.8 0.0025 1.0000 1.0313 0.4469 *
*0.8325 0.8525 0.9184 0.9435 0.0356 0.0114 1091.9 0.0025 1.0000 1.0313 0.4086 *
*0.8350 0.9733 0.9188 0.9439 0.0354 0.0119 1079.9 0.0025 1.0000 1.0313 0.4661 *
*0.8375 0.9761 0.9193 0.9442 0.0351 0.0118 1078.4 0.0025 1.0000 1.0313 0.4676 *
*0.8400 0.9807 0.9197 0.9445 0.0349 0.0117 1076.9 0.0025 1.0000 1.0313 0.4700 *
*0.8425 0.9975 0.9202 0.9448 0.0347 0.0117 1069.5 0.0025 1.0000 1.0313 0.4781 *
*0.8450 0.9948 0.9206 0.9451 0.0344 0.0116 1062.1 0.0025 1.0000 1.0313 0.4770 *
*0.8475 0.9974 0.9210 0.9454 0.0342 0.0115 1042.0 0.0025 1.0000 1.0313 0.4789 *
*0.8500 0.9957 0.9215 0.9457 0.0339 0.0113 1022.0 0.0025 1.0000 1.0313 0.4787 *
*0.8525 0.9934 0.9219 0.9460 0.0337 0.0112  997.2 0.0025 1.0000 1.0313 0.4779 *
*0.8550 0.9979 0.9223 0.9463 0.0335 0.0111  972.4 0.0025 1.0000 1.0313 0.4802 *
*0.8575 0.9969 0.9228 0.9466 0.0333 0.0110 1003.3 0.0025 1.0000 1.0313 0.4799 *
*0.8600 1.0000 0.9232 0.9469 0.0330 0.0109 1034.3 0.0025 1.0000 1.0313 0.4816 *
*0.8625 0.9997 0.9234 0.9471 0.0328 0.0109 1009.6 0.0025 1.0000 1.0313 0.4815 *
*0.8650 1.0000 0.9236 0.9472 0.0326 0.0108  984.9 0.0025 1.0000 1.0313 0.4817 *
*0.8675 0.9998 0.9238 0.9473 0.0324 0.0107  991.0 0.0025 1.0000 1.0313 0.4825 *
*0.8700 1.0000 0.9240 0.9475 0.0323 0.0106  997.2 0.0025 1.0000 1.0313 0.4836 *
*0.8725 1.0000 0.9241 0.9476 0.0321 0.0105 1014.1 0.0025 1.0000 1.0313 0.4836 *
*0.8750 0.9998 0.9243 0.9477 0.0319 0.0105 1031.0 0.0025 1.0000 1.0313 0.4835 *
*0.8775 0.9998 0.9245 0.9479 0.0317 0.0104 1023.0 0.0025 1.0000 1.0313 0.4836 *
*0.8800 0.9993 0.9247 0.9480 0.0315 0.0103 1014.9 0.0025 1.0000 1.0313 0.4834 *
*0.8825 0.9964 0.9249 0.9481 0.0313 0.0102 1009.7 0.0025 1.0000 1.0313 0.4820 *
*0.8850 0.9978 0.9251 0.9483 0.0311 0.0101 1004.5 0.0025 1.0000 1.0313 0.4827 *
*0.8875 0.9985 0.9253 0.9484 0.0310 0.0101  999.1 0.0025 1.0000 1.0313 0.4831 *
*0.8900 0.9890 0.9255 0.9485 0.0308 0.0099  993.8 0.0025 0.5000 1.0313 0.4786 *
*******************************************************************************
*                                                                             *
*                         integrated values of  :                             *
*                         --------------------                                *
*       apparent reflectance  0.4618    appar. rad.(w/m2/sr/mic)    115.871   *
*                   total gaseous transmittance  0.968                        *
*                                                                             *
*******************************************************************************
*                                                                             *
*                         coupling aerosol -wv  :                             *
*                         --------------------                                *
*           wv above aerosol :   0.462     wv mixed with aerosol :   0.462    *
*                       wv under aerosol :   0.462                            *
*                                                                             *
*                         int. normalized  values  of  :                      *
*                         ---------------------------                         *
*                      % of irradiance at ground level                        *
*     % of direct  irr.    % of diffuse irr.    % of enviro. irr              *
*               0.909               0.072               0.019                 *
*                       reflectance at satellite level                        *
*     atm. intrin. ref.   background  ref.  pixel  reflectance                *
*               0.012               0.025               0.424                 *
*                                                                             *
*                         int. absolute values of                             *
*                         -----------------------                             *
*                      irr. at ground level (w/m2/mic)                        *
*     direct solar irr.    atm. diffuse irr.    environment  irr              *
*             655.193              51.685              13.819                 *
*                      rad at satel. level (w/m2/sr/mic)                      *
*     atm. intrin. rad.    background  rad.    pixel  radiance                *
*               3.110               6.272             106.489                 *
*                                                                             *
*                                                                             *
*          int. funct filter (in mic)              int. sol. spect (in w/m2)  *
*             0.1200000                                 132.097               *
*                                                                             *
*******************************************************************************
 




*******************************************************************************
*                                                                             *
*                          integrated values of  :                            *
*                          --------------------                               *
*                                                                             *
*                             downward        upward          total           *
*      global gas. trans. :    0.97781        0.98270        0.96762          *
*      water   "     "    :    0.97795        0.98281        0.96785          *
*      ozone   "     "    :    1.00000        1.00000        1.00000          *
*      co2     "     "    :    1.00000        1.00000        1.00000          *
*      oxyg    "     "    :    0.99986        0.99989        0.99977          *
*      no2     "     "    :    1.00000        1.00000        1.00000          *
*      ch4     "     "    :    1.00000        1.00000        1.00000          *
*      co      "     "    :    1.00000        1.00000        1.00000          *
*                                                                             *
*                                                                             *
*      rayl.  sca. trans. :    0.98598        0.98991        0.97604          *
*      aeros. sca.   "    :    0.93082        0.95287        0.88695          *
*      total  sca.   "    :    0.91707        0.94260        0.86444          *
*                                                                             *
*                                                                             *
*                                                                             *
*                             rayleigh       aerosols         total           *
*                                                                             *
*      spherical albedo   :    0.01813        0.02294        0.03643          *
*      optical depth total:    0.01907        0.09736        0.11643          *
*      optical depth plane:    0.01907        0.09736        0.11643          *
*      reflectance        :    0.00755        0.00497        0.01256          *
*      phase function     :    1.12021        0.24054        0.38460          *
*      sing. scat. albedo :    1.00000        0.59538        0.66164          *
*                                                                             *
*                                                                             *
*******************************************************************************
*******************************************************************************



*******************************************************************************
*                        atmospheric correction result                        *
*                        -----------------------------                        *
*       input apparent reflectance            :    0.000                      *
*       measured radiance [w/m2/sr/mic]       :    0.000                      *
*       atmospherically corrected reflectance :   -0.015                      *
*       coefficients xa xb xc                 :  0.00476  0.01502  0.03643    *
*       y=xa*(measured radiance)-xb;  acr=y/(1.+xc*y)                         *
*******************************************************************************

