




******************************* 6s version 4.1 ****************************** *
*                                                                             *
*                       geometrical conditions identity                       *
*                       -------------------------------                       *
*                       user defined conditions                               *
*                                                                             *
*   month:  1 day :  20                                                       *
*   solar zenith angle:   36.32 deg  solar azimuthal angle:      160.76 deg   *
*   view zenith angle:     1.84 deg  view azimuthal angle:        80.32 deg   *
*   scattering angle:    143.95 deg  azimuthal angle difference:  80.44 deg   *
*                                                                             *
*                       atmospheric model description                         *
*                       -----------------------------                         *
*           atmospheric model identity :                                      *
*               midlatitude winter  (uh2o=.853g/cm2,uo3=.395cm-atm)           *
*           aerosols type identity :                                          *
*                         Urban aerosols model                                *
*           optical condition identity :                                      *
*                visibility : 40.00 km  opt. thick. 550nm :  .1696            *
*                                                                             *
*                       spectral condition                                    *
*                       ------------------                                    *
*           constant                                                          *
*               value of filter function :                                    *
*                wl inf=  .450 mic   wl sup=  .520 mic                        *
*                                                                             *
*                       target type                                           *
*                       -----------                                           *
*           homogeneous ground                                                *
*             spectral vegetation ground reflectance  .103                    *
*                                                                             *
*                       target elevation description                          *
*                       ----------------------------                          *
*           ground pressure  [mb] 1018.00                                     *
*           ground altitude  [km]  .000                                       *
*                                                                             *
*                        atmospheric correction activated                     *
*                        --------------------------------                     *
*           input measured radiance [w/m2/sr/mic]    .000                     *
*                                                                             *
*******************************************************************************



* wave   total  total  total  total  atm.   swl    step   sbor   dsol   toar  *
*        gas    scat   scat   spheri intr                                     *
*        trans  down   up     albedo refl                                     *
