




******************************* 6s version 4.1 ****************************** *
*                                                                             *
*                       geometrical conditions identity                       *
*                       -------------------------------                       *
*                       user defined conditions                               *
*                                                                             *
*   month:  7 day :   3                                                       *
*   solar zenith angle:   43.91 deg  solar azimuthal angle:       88.57 deg   *
*   view zenith angle:    43.33 deg  view azimuthal angle:        10.52 deg   *
*   scattering angle:    128.51 deg  azimuthal angle difference:  78.05 deg   *
*                                                                             *
*                       atmospheric model description                         *
*                       -----------------------------                         *
*           atmospheric model identity :                                      *
*               midlatitude summer  (uh2o=2.93g/cm2,uo3=.319cm-atm)           *
*           aerosols type identity :                                          *
*                   Continental aerosols model                                *
*           optical condition identity :                                      *
*                visibility : 15.00 km  opt. thick. 550nm :  .3158            *
*                                                                             *
*                       spectral condition                                    *
*                       ------------------                                    *
*           constant                                                          *
*               value of filter function :                                    *
*                wl inf=  .845 mic   wl sup=  .885 mic                        *
*                                                                             *
*                       target type                                           *
*                       -----------                                           *
*           homogeneous ground                                                *
*             spectral lake water reflectance         .020                    *
*                                                                             *
*                       target elevation description                          *
*                       ----------------------------                          *
*           ground pressure  [mb] 1011.83                                     *
*           ground altitude  [km]  .010                                       *
*                gaseous content at target level:                             *
*                uh2o= 2.916 g/cm2        uo3=  .319 cm-atm                   *
*                                                                             *
*                        atmospheric correction activated                     *
*                        --------------------------------                     *
*           input apparent reflectance :   .400                               *
*                                                                             *
*******************************************************************************



*******************************************************************************
*                                                                             *
*                         integrated values of  :                             *
*                         --------------------                                *
*       apparent reflectance   .0410    appar. rad.(w/m2/sr/mic)      8.916   *
*                   total gaseous transmittance   .993                        *
*                                                                             *
*******************************************************************************
*                                                                             *
*                         coupling aerosol -wv  :                             *
*                         --------------------                                *
*           wv above aerosol :    .041     wv mixed with aerosol :    .041    *
*                       wv under aerosol :    .041                            *
*                                                                             *
*                         int. normalized  values  of  :                      *
*                         ---------------------------                         *
*                      % of irradiance at ground level                        *
*     % of direct  irr.    % of diffuse irr.    % of enviro. irr              *
*                .830                .169                .001                 *
*                       reflectance at satellite level                        *
*     atm. intrin. ref.   background  ref.  pixel  reflectance                *
*                .024                .003                .014                 *
*                                                                             *
*                         int. absolute values of                             *
*                         -----------------------                             *
*                      irr. at ground level (w/m2/mic)                        *
*     direct solar irr.    atm. diffuse irr.    environment  irr              *
*             518.384             105.326                .780                 *
*                      rad at satel. level (w/m2/sr/mic)                      *
*     atm. intrin. rad.    background  rad.    pixel  radiance                *
*               5.294                .608               3.014                 *
*                                                                             *
*                                                                             *
*          int. funct filter (in mic)              int. sol. spect (in w/m2)  *
*              .0400000                                  37.943               *
*                                                                             *
*******************************************************************************
 




*******************************************************************************
*                                                                             *
*                          integrated values of  :                            *
*                          --------------------                               *
*                                                                             *
*                             downward        upward          total           *
*      global gas. trans. :     .99646         .99649         .99321          *
*      water   "     "    :     .99649         .99652         .99327          *
*      ozone   "     "    :    1.00000        1.00000        1.00000          *
*      co2     "     "    :    1.00000        1.00000        1.00000          *
*      oxyg    "     "    :     .99997         .99997         .99994          *
*      no2     "     "    :    1.00000        1.00000        1.00000          *
*      ch4     "     "    :    1.00000        1.00000        1.00000          *
*      co      "     "    :    1.00000        1.00000        1.00000          *
*                                                                             *
*                                                                             *
*      rayl.  sca. trans. :     .98896         .98906         .97815          *
*      aeros. sca.   "    :     .92645         .92741         .85920          *
*      total  sca.   "    :     .91593         .91697         .83988          *
*                                                                             *
*                                                                             *
*                                                                             *
*                             rayleigh       aerosols         total           *
*                                                                             *
*      spherical albedo   :     .01500         .05197         .06260          *
*      optical depth total:     .01563         .18090         .19654          *
*      optical depth plane:     .01563         .18090         .19654          *
*      reflectance        :     .00784         .01611         .02445          *
*      phase function     :    1.03903         .18832         .25599          *
*      sing. scat. albedo :    1.00000         .84147         .85408          *
*                                                                             *
*                                                                             *
*******************************************************************************
*******************************************************************************



*******************************************************************************
*                        atmospheric correction result                        *
*                        -----------------------------                        *
*       input apparent reflectance            :     .400                      *
*       measured radiance [w/m2/sr/mic]       :   87.010                      *
*       atmospherically corrected reflectance :     .438                      *
*       coefficients xa xb xc                 :   .00551   .02931   .06260    *
*       y=xa*(measured radiance)-xb;  acr=y/(1.+xc*y)                         *
*******************************************************************************
